<?xml version="1.0" encoding="UTF-8"?>
<testsuite xmlns:xsi="http://www.w3.org/2001/XMLSchema-instance" xsi:noNamespaceSchemaLocation="https://maven.apache.org/surefire/maven-surefire-plugin/xsd/surefire-test-report.xsd" name="com.zj.server.AppTest" time="0.055" tests="1" errors="0" skipped="0" failures="0">
  <properties>
    <property name="sun.desktop" value="windows"/>
    <property name="awt.toolkit" value="sun.awt.windows.WToolkit"/>
    <property name="file.encoding.pkg" value="sun.io"/>
    <property name="java.specification.version" value="1.8"/>
    <property name="sun.cpu.isalist" value="amd64"/>
    <property name="sun.jnu.encoding" value="GBK"/>
    <property name="java.class.path" value="D:\new-wokrspace\other\droi-server-1\target\test-classes;D:\new-wokrspace\other\droi-server-1\target\classes;D:\Repository\Maven\org\springframework\spring-context\4.3.20.RELEASE\spring-context-4.3.20.RELEASE.jar;D:\Repository\Maven\org\springframework\spring-aop\4.3.20.RELEASE\spring-aop-4.3.20.RELEASE.jar;D:\Repository\Maven\org\springframework\spring-expression\4.3.20.RELEASE\spring-expression-4.3.20.RELEASE.jar;D:\Repository\Maven\org\springframework\spring-context-support\4.3.20.RELEASE\spring-context-support-4.3.20.RELEASE.jar;D:\Repository\Maven\org\springframework\spring-core\4.3.20.RELEASE\spring-core-4.3.20.RELEASE.jar;D:\Repository\Maven\org\springframework\spring-beans\4.3.20.RELEASE\spring-beans-4.3.20.RELEASE.jar;D:\Repository\Maven\io\netty\netty-all\4.1.31.Final\netty-all-4.1.31.Final.jar;D:\Repository\Maven\commons-beanutils\commons-beanutils\1.9.3\commons-beanutils-1.9.3.jar;D:\Repository\Maven\commons-collections\commons-collections\3.2.2\commons-collections-3.2.2.jar;D:\Repository\Maven\commons-logging\commons-logging\1.2\commons-logging-1.2.jar;D:\Repository\Maven\org\apache\commons\commons-pool2\2.6.0\commons-pool2-2.6.0.jar;D:\Repository\Maven\org\apache\commons\commons-lang3\3.4\commons-lang3-3.4.jar;D:\Repository\Maven\commons-io\commons-io\2.4\commons-io-2.4.jar;D:\Repository\Maven\com\google\code\gson\gson\2.8.5\gson-2.8.5.jar;D:\Repository\Maven\org\slf4j\slf4j-api\1.7.25\slf4j-api-1.7.25.jar;D:\Repository\Maven\org\slf4j\slf4j-log4j12\1.7.25\slf4j-log4j12-1.7.25.jar;D:\Repository\Maven\log4j\log4j\1.2.17\log4j-1.2.17.jar;D:\Repository\Maven\org\projectlombok\lombok\1.18.4\lombok-1.18.4.jar;D:\Repository\Maven\junit\junit\4.11\junit-4.11.jar;D:\Repository\Maven\org\hamcrest\hamcrest-core\1.3\hamcrest-core-1.3.jar;"/>
    <property name="java.vm.vendor" value="Oracle Corporation"/>
    <property name="sun.arch.data.model" value="64"/>
    <property name="user.variant" value=""/>
    <property name="java.vendor.url" value="http://java.oracle.com/"/>
    <property name="user.timezone" value=""/>
    <property name="java.vm.specification.version" value="1.8"/>
    <property name="os.name" value="Windows 10"/>
    <property name="user.country" value="CN"/>
    <property name="sun.java.launcher" value="SUN_STANDARD"/>
    <property name="sun.boot.library.path" value="C:\Program Files\Java\jdk1.8.0_171\jre\bin"/>
    <property name="sun.java.command" value="C:\Users\USER\AppData\Local\Temp\surefire3153309540229651453\surefirebooter4384466956822601660.jar C:\Users\USER\AppData\Local\Temp\surefire3153309540229651453 2018-12-13T10-39-33_576-jvmRun1 surefire963784660520719267tmp surefire_04159883275894008661tmp"/>
    <property name="surefire.test.class.path" value="D:\new-wokrspace\other\droi-server-1\target\test-classes;D:\new-wokrspace\other\droi-server-1\target\classes;D:\Repository\Maven\org\springframework\spring-context\4.3.20.RELEASE\spring-context-4.3.20.RELEASE.jar;D:\Repository\Maven\org\springframework\spring-aop\4.3.20.RELEASE\spring-aop-4.3.20.RELEASE.jar;D:\Repository\Maven\org\springframework\spring-expression\4.3.20.RELEASE\spring-expression-4.3.20.RELEASE.jar;D:\Repository\Maven\org\springframework\spring-context-support\4.3.20.RELEASE\spring-context-support-4.3.20.RELEASE.jar;D:\Repository\Maven\org\springframework\spring-core\4.3.20.RELEASE\spring-core-4.3.20.RELEASE.jar;D:\Repository\Maven\org\springframework\spring-beans\4.3.20.RELEASE\spring-beans-4.3.20.RELEASE.jar;D:\Repository\Maven\io\netty\netty-all\4.1.31.Final\netty-all-4.1.31.Final.jar;D:\Repository\Maven\commons-beanutils\commons-beanutils\1.9.3\commons-beanutils-1.9.3.jar;D:\Repository\Maven\commons-collections\commons-collections\3.2.2\commons-collections-3.2.2.jar;D:\Repository\Maven\commons-logging\commons-logging\1.2\commons-logging-1.2.jar;D:\Repository\Maven\org\apache\commons\commons-pool2\2.6.0\commons-pool2-2.6.0.jar;D:\Repository\Maven\org\apache\commons\commons-lang3\3.4\commons-lang3-3.4.jar;D:\Repository\Maven\commons-io\commons-io\2.4\commons-io-2.4.jar;D:\Repository\Maven\com\google\code\gson\gson\2.8.5\gson-2.8.5.jar;D:\Repository\Maven\org\slf4j\slf4j-api\1.7.25\slf4j-api-1.7.25.jar;D:\Repository\Maven\org\slf4j\slf4j-log4j12\1.7.25\slf4j-log4j12-1.7.25.jar;D:\Repository\Maven\log4j\log4j\1.2.17\log4j-1.2.17.jar;D:\Repository\Maven\org\projectlombok\lombok\1.18.4\lombok-1.18.4.jar;D:\Repository\Maven\junit\junit\4.11\junit-4.11.jar;D:\Repository\Maven\org\hamcrest\hamcrest-core\1.3\hamcrest-core-1.3.jar;"/>
    <property name="sun.cpu.endian" value="little"/>
    <property name="user.home" value="C:\Users\USER"/>
    <property name="user.language" value="zh"/>
    <property name="java.specification.vendor" value="Oracle Corporation"/>
    <property name="java.home" value="C:\Program Files\Java\jdk1.8.0_171\jre"/>
    <property name="basedir" value="D:\new-wokrspace\other\droi-server-1"/>
    <property name="file.separator" value="\"/>
    <property name="line.separator" value="&#10;"/>
    <property name="java.vm.specification.vendor" value="Oracle Corporation"/>
    <property name="java.specification.name" value="Java Platform API Specification"/>
    <property name="java.awt.graphicsenv" value="sun.awt.Win32GraphicsEnvironment"/>
    <property name="surefire.real.class.path" value="C:\Users\USER\AppData\Local\Temp\surefire3153309540229651453\surefirebooter4384466956822601660.jar"/>
    <property name="sun.boot.class.path" value="C:\Program Files\Java\jdk1.8.0_171\jre\lib\resources.jar;C:\Program Files\Java\jdk1.8.0_171\jre\lib\rt.jar;C:\Program Files\Java\jdk1.8.0_171\jre\lib\sunrsasign.jar;C:\Program Files\Java\jdk1.8.0_171\jre\lib\jsse.jar;C:\Program Files\Java\jdk1.8.0_171\jre\lib\jce.jar;C:\Program Files\Java\jdk1.8.0_171\jre\lib\charsets.jar;C:\Program Files\Java\jdk1.8.0_171\jre\lib\jfr.jar;C:\Program Files\Java\jdk1.8.0_171\jre\classes"/>
    <property name="user.script" value=""/>
    <property name="sun.management.compiler" value="HotSpot 64-Bit Tiered Compilers"/>
    <property name="java.runtime.version" value="1.8.0_171-b11"/>
    <property name="user.name" value="USER"/>
    <property name="path.separator" value=";"/>
    <property name="os.version" value="10.0"/>
    <property name="java.endorsed.dirs" value="C:\Program Files\Java\jdk1.8.0_171\jre\lib\endorsed"/>
    <property name="java.runtime.name" value="Java(TM) SE Runtime Environment"/>
    <property name="file.encoding" value="GBK"/>
    <property name="java.vm.name" value="Java HotSpot(TM) 64-Bit Server VM"/>
    <property name="localRepository" value="D:\Repository\Maven"/>
    <property name="java.vendor.url.bug" value="http://bugreport.sun.com/bugreport/"/>
    <property name="java.io.tmpdir" value="C:\Users\USER\AppData\Local\Temp\"/>
    <property name="java.version" value="1.8.0_171"/>
    <property name="user.dir" value="D:\new-wokrspace\other\droi-server-1"/>
    <property name="os.arch" value="amd64"/>
    <property name="java.vm.specification.name" value="Java Virtual Machine Specification"/>
    <property name="java.awt.printerjob" value="sun.awt.windows.WPrinterJob"/>
    <property name="sun.os.patch.level" value=""/>
    <property name="java.library.path" value="C:\Program Files\Java\jdk1.8.0_171\jre\bin;C:\WINDOWS\Sun\Java\bin;C:\WINDOWS\system32;C:\WINDOWS;C:/Program Files/Java/jdk1.8.0_171/bin/../jre/bin/server;C:/Program Files/Java/jdk1.8.0_171/bin/../jre/bin;C:/Program Files/Java/jdk1.8.0_171/bin/../jre/lib/amd64;C:\Program Files\Java\jdk1.8.0_171\bin;C:\Program Files (x86)\Common Files\Oracle\Java\javapath;D:\gradle-4.4.1\bin;D:\oracle\product\11.2.0\dbhome_1\bin;C:\Program Files (x86)\Intel\iCLS Client\;C:\Program Files\Intel\iCLS Client\;C:\WINDOWS\system32;C:\WINDOWS;C:\WINDOWS\System32\Wbem;C:\WINDOWS\System32\WindowsPowerShell\v1.0\;C:\Program Files (x86)\Intel\Intel(R) Management Engine Components\DAL;C:\Program Files\Intel\Intel(R) Management Engine Components\DAL;C:\Program Files (x86)\Intel\Intel(R) Management Engine Components\IPT;C:\Program Files\Intel\Intel(R) Management Engine Components\IPT;C:\Program Files\Java\jdk1.8.0_171\jre\bin;C:\Program Files\MySQL\MySQL Server 5.5\bin;D:\apache-maven-3.3.9\bin;D:\soft\git\Git\cmd;D:\soft\svn\bin;C:\WINDOWS\System32\OpenSSH\;C:\Program Files\Intel\WiFi\bin\;C:\Program Files\Common Files\Intel\WirelessCommon\;D:\sqlserver\back\100\Tools\Binn\;D:\sqlserver\100\Tools\Binn\;D:\sqlserver\100\DTS\Binn\;D:\sqlserver\back\100\Tools\Binn\VSShell\Common7\IDE\;C:\Program Files (x86)\Microsoft Visual Studio 9.0\Common7\IDE\PrivateAssemblies\;D:\sqlserver\back\100\DTS\Binn\;D:\soft\nodejs\;D:\soft\nodejs\node_global;D:\soft\nodejs\node_global\node_modules;D:\sudo\;C:\python3.6.3\Scripts\;C:\python3.6.3\;C:\Users\USER\AppData\Local\Microsoft\WindowsApps;C:\Program Files\Intel\WiFi\bin\;C:\Program Files\Common Files\Intel\WirelessCommon\;C:\Users\USER\AppData\Local\Microsoft\WindowsApps;C:\Users\USER\AppData\Roaming\npm;C:\Users\USER\AppData\Local\atom\bin;D:\eclipse-luna;;."/>
    <property name="java.vm.info" value="mixed mode"/>
    <property name="java.vendor" value="Oracle Corporation"/>
    <property name="java.vm.version" value="25.171-b11"/>
    <property name="java.ext.dirs" value="C:\Program Files\Java\jdk1.8.0_171\jre\lib\ext;C:\WINDOWS\Sun\Java\lib\ext"/>
    <property name="sun.io.unicode.encoding" value="UnicodeLittle"/>
    <property name="java.class.version" value="52.0"/>
  </properties>
  <testcase name="shouldAnswerWithTrue" classname="com.zj.server.AppTest" time="0.002"/>
</testsuite>